2025-11-28 11:28:02 | INFO     | __main__:<module>:2 - Forecast 1/4: Forecasting Total Revenue...

2025-11-28 11:28:26 | INFO     | __main__:<module>:17 - Forecast 1/4: Forecasting Total Revenue Complete

2025-11-28 11:28:26 | INFO     | __main__:<module>:22 - Forecast 2/4: Forecasting Category 1...

2025-11-28 11:28:29 | INFO     | __main__:<module>:42 - Forecast 2/4: Forecasting Total Revenue Complete

2025-11-28 11:28:29 | INFO     | __main__:<module>:46 - Forecast 3/4: Forecasting Category 1...

2025-11-28 11:28:46 | INFO     | __main__:<module>:66 - Forecast 3/4: Forecasting Total Revenue Complete

2025-11-28 11:28:46 | INFO     | __main__:<module>:70 - Forecast 4/4: Forecasting Revenue by Customer...

2025-11-28 11:50:34 | INFO     | __main__:<module>:2 - updating database
2025-11-28 12:14:30 | INFO     | __main__:<module>:37 - Forecast 1/4: Forecasting Total Revenue...

2025-11-28 12:14:38 | INFO     | __main__:<module>:52 - Forecast 1/4: Forecasting Total Revenue Complete

2025-11-28 12:14:38 | INFO     | __main__:<module>:57 - Forecast 2/4: Forecasting Category 1...

2025-11-28 12:14:42 | INFO     | __main__:<module>:77 - Forecast 2/4: Forecasting Total Revenue Complete

2025-11-28 12:14:42 | INFO     | __main__:<module>:81 - Forecast 3/4: Forecasting Category 1...

2025-11-28 12:15:05 | INFO     | __main__:<module>:101 - Forecast 3/4: Forecasting Total Revenue Complete

2025-11-28 12:15:05 | INFO     | __main__:<module>:105 - Forecast 4/4: Forecasting Revenue by Customer...

2025-11-28 12:15:32 | INFO     | __main__:<module>:125 - Forecast 4/4: Forecasting Total Revenue by Customer Complete

2025-11-28 12:15:32 | INFO     | __main__:<module>:131 - updating database
2025-11-28 12:17:34 | INFO     | __main__:<module>:37 - Forecast 1/4: Forecasting Total Revenue...

2025-11-28 12:17:40 | INFO     | __main__:<module>:52 - Forecast 1/4: Forecasting Total Revenue Complete

2025-11-28 12:17:40 | INFO     | __main__:<module>:57 - Forecast 2/4: Forecasting Category 1...

2025-11-28 12:17:48 | INFO     | __main__:<module>:77 - Forecast 2/4: Forecasting Total Revenue Complete

2025-11-28 12:17:48 | INFO     | __main__:<module>:81 - Forecast 3/4: Forecasting Category 1...

2025-11-28 12:18:23 | INFO     | __main__:<module>:101 - Forecast 3/4: Forecasting Total Revenue Complete

2025-11-28 12:18:23 | INFO     | __main__:<module>:105 - Forecast 4/4: Forecasting Revenue by Customer...

2025-11-28 12:19:08 | INFO     | __main__:<module>:125 - Forecast 4/4: Forecasting Total Revenue by Customer Complete

2025-11-28 12:19:08 | INFO     | __main__:<module>:131 - updating database
2025-11-28 18:36:25 | INFO     | __main__:<module>:37 - Forecast 1/4: Forecasting Total Revenue...

2025-11-28 18:36:30 | INFO     | __main__:<module>:52 - Forecast 1/4: Forecasting Total Revenue Complete

2025-11-28 18:36:30 | INFO     | __main__:<module>:57 - Forecast 2/4: Forecasting Category 1...

2025-11-28 18:36:34 | INFO     | __main__:<module>:77 - Forecast 2/4: Forecasting Total Revenue Complete

2025-11-28 18:36:34 | INFO     | __main__:<module>:81 - Forecast 3/4: Forecasting Category 1...

2025-11-28 18:36:58 | INFO     | __main__:<module>:101 - Forecast 3/4: Forecasting Total Revenue Complete

2025-11-28 18:36:58 | INFO     | __main__:<module>:105 - Forecast 4/4: Forecasting Revenue by Customer...

2025-11-28 18:37:32 | INFO     | __main__:<module>:125 - Forecast 4/4: Forecasting Total Revenue by Customer Complete

2025-11-28 18:37:32 | INFO     | __main__:<module>:131 - updating database
